train
features = ncep_p8_z, train.acc = 0.694207, test.acc = 0.700176, train.rain.acc = 0.736842, train.dry.acc = 0.696146, test.rain.acc = 0.724638, test.dry.acc = 0.704313
train
features = ncep_p8_z, train.acc = 0.694207, test.acc = 0.700176, train.high.acc = 0.736842, train.medium.acc = 0.396825, train.low.acc = 0.696146, test.high.acc = 0.724638, test.medium.acc = 0.375000, test.low.acc = 0.704313
train
features = ncep_p8_z, train.acc = 0.694207, test.acc = 0.700176, train.high.acc = 0.736842, train.medium.acc = 0.396825, train.low.acc = 0.696146, test.high.acc = 0.724638, test.medium.acc = 0.375000, test.low.acc = 0.704313
features = R500, ncep_p8_z, train.acc = 0.702483, test.acc = 0.704745, train.high.acc = 0.714286, train.medium.acc = 0.520979, train.low.acc = 0.709388, test.high.acc = 0.728571, test.medium.acc = 0.473684, test.low.acc = 0.715746
features = P500, R500, ncep_p8_z, train.acc = 0.714766, test.acc = 0.716344, train.high.acc = 0.724490, train.medium.acc = 0.583505, train.low.acc = 0.723535, test.high.acc = 0.716216, test.medium.acc = 0.554217, test.low.acc = 0.726679
features = shum700, P500, R500, ncep_p8_z, train.acc = 0.724981, test.acc = 0.718453, train.high.acc = 0.717172, train.medium.acc = 0.606825, train.low.acc = 0.736532, test.high.acc = 0.716216, test.medium.acc = 0.557143, test.low.acc = 0.731745
features = U850, shum700, P500, R500, ncep_p8_z, train.acc = 0.731187, test.acc = 0.726538, train.high.acc = 0.775701, train.medium.acc = 0.620448, train.low.acc = 0.741935, test.high.acc = 0.767123, test.medium.acc = 0.585586, test.low.acc = 0.737647
features = U700, U850, shum700, P500, R500, ncep_p8_z, train.acc = 0.735842, test.acc = 0.732513, train.high.acc = 0.758929, train.medium.acc = 0.630241, train.low.acc = 0.747623, test.high.acc = 0.760000, test.medium.acc = 0.583942, test.low.acc = 0.747997
features = ncep_p5zh, U700, U850, shum700, P500, R500, ncep_p8_z, train.acc = 0.746703, test.acc = 0.731107, train.high.acc = 0.846154, train.medium.acc = 0.666272, train.low.acc = 0.755195, test.high.acc = 0.772727, test.medium.acc = 0.566225, test.low.acc = 0.750101
features = ncep_prec, ncep_p5zh, U700, U850, shum700, P500, R500, ncep_p8_z, train.acc = 0.751099, test.acc = 0.733919, train.high.acc = 0.909091, train.medium.acc = 0.665953, train.low.acc = 0.760633, test.high.acc = 0.781250, test.medium.acc = 0.550143, test.low.acc = 0.759046
features = ncep_p__f, ncep_prec, ncep_p5zh, U700, U850, shum700, P500, R500, ncep_p8_z, train.acc = 0.757176, test.acc = 0.732865, train.high.acc = 0.916667, train.medium.acc = 0.673674, train.low.acc = 0.767165, test.high.acc = 0.728571, test.medium.acc = 0.556497, test.low.acc = 0.758777
features = ncep_p5th, ncep_p__f, ncep_prec, ncep_p5zh, U700, U850, shum700, P500, R500, ncep_p8_z, train.acc = 0.763382, test.acc = 0.730053, train.high.acc = 0.902655, train.medium.acc = 0.673179, train.low.acc = 0.776597, test.high.acc = 0.728571, test.medium.acc = 0.540470, test.low.acc = 0.760452
features = V850, ncep_p5th, ncep_p__f, ncep_prec, ncep_p5zh, U700, U850, shum700, P500, R500, ncep_p8_z, train.acc = 0.770235, test.acc = 0.733216, train.high.acc = 0.929204, train.medium.acc = 0.681401, train.low.acc = 0.784024, test.high.acc = 0.716418, test.medium.acc = 0.547264, test.low.acc = 0.765152
features = shum400, V850, ncep_p5th, ncep_p__f, ncep_prec, ncep_p5zh, U700, U850, shum700, P500, R500, ncep_p8_z, train.acc = 0.776054, test.acc = 0.730756, train.high.acc = 0.923077, train.medium.acc = 0.690343, train.low.acc = 0.790226, test.high.acc = 0.695652, test.medium.acc = 0.539192, test.low.acc = 0.766030
features = ncep_p__z, shum400, V850, ncep_p5th, ncep_p__f, ncep_prec, ncep_p5zh, U700, U850, shum700, P500, R500, ncep_p8_z, train.acc = 0.781096, test.acc = 0.737786, train.high.acc = 0.949153, train.medium.acc = 0.699921, train.low.acc = 0.794261, test.high.acc = 0.710526, test.medium.acc = 0.555046, test.low.acc = 0.772825
features = R850, ncep_p__z, shum400, V850, ncep_p5th, ncep_p__f, ncep_prec, ncep_p5zh, U700, U850, shum700, P500, R500, ncep_p8_z, train.acc = 0.786268, test.acc = 0.740246, train.high.acc = 0.950413, train.medium.acc = 0.712297, train.low.acc = 0.798259, test.high.acc = 0.710145, test.medium.acc = 0.573810, test.low.acc = 0.770798
features = ncep_p5_z, R850, ncep_p__z, shum400, V850, ncep_p5th, ncep_p__f, ncep_prec, ncep_p5zh, U700, U850, shum700, P500, R500, ncep_p8_z, train.acc = 0.792863, test.acc = 0.741652, train.high.acc = 0.966387, train.medium.acc = 0.720177, train.low.acc = 0.805338, test.high.acc = 0.708333, test.medium.acc = 0.577103, test.low.acc = 0.772708
features = shum300, ncep_p5_z, R850, ncep_p__z, shum400, V850, ncep_p5th, ncep_p__f, ncep_prec, ncep_p5zh, U700, U850, shum700, P500, R500, ncep_p8_z, train.acc = 0.797517, test.acc = 0.740598, train.high.acc = 0.952756, train.medium.acc = 0.731387, train.low.acc = 0.808882, test.high.acc = 0.714286, test.medium.acc = 0.574713, test.low.acc = 0.772222
features = ulwrf, shum300, ncep_p5_z, R850, ncep_p__z, shum400, V850, ncep_p5th, ncep_p__f, ncep_prec, ncep_p5zh, U700, U850, shum700, P500, R500, ncep_p8_z, train.acc = 0.801914, test.acc = 0.739895, train.high.acc = 0.960630, train.medium.acc = 0.736023, train.low.acc = 0.813691, test.high.acc = 0.700000, test.medium.acc = 0.571429, test.low.acc = 0.772922
features = Uas, ulwrf, shum300, ncep_p5_z, R850, ncep_p__z, shum400, V850, ncep_p5th, ncep_p__f, ncep_prec, ncep_p5zh, U700, U850, shum700, P500, R500, ncep_p8_z, train.acc = 0.804888, test.acc = 0.740598, train.high.acc = 0.984127, train.medium.acc = 0.744666, train.low.acc = 0.814898, test.high.acc = 0.692308, test.medium.acc = 0.574661, test.low.acc = 0.773311
features = ncep_dswr, Uas, ulwrf, shum300, ncep_p5_z, R850, ncep_p__z, shum400, V850, ncep_p5th, ncep_p__f, ncep_prec, ncep_p5zh, U700, U850, shum700, P500, R500, ncep_p8_z, train.acc = 0.808379, test.acc = 0.746573, train.high.acc = 0.984375, train.medium.acc = 0.751404, train.low.acc = 0.817858, test.high.acc = 0.687500, test.medium.acc = 0.597674, test.low.acc = 0.775415
test
features = ncep_p8_z, train.acc = 0.694207, test.acc = 0.700176, train.high.acc = 0.736842, train.medium.acc = 0.396825, train.low.acc = 0.696146, test.high.acc = 0.724638, test.medium.acc = 0.375000, test.low.acc = 0.704313
features = shum700, ncep_p8_z, train.acc = 0.698086, test.acc = 0.708963, train.high.acc = 0.721649, train.medium.acc = 0.483412, train.low.acc = 0.703878, test.high.acc = 0.722222, test.medium.acc = 0.549550, test.low.acc = 0.715252
features = P500, shum700, ncep_p8_z, train.acc = 0.720067, test.acc = 0.719859, train.high.acc = 0.727273, train.medium.acc = 0.603978, train.low.acc = 0.729031, test.high.acc = 0.706667, test.medium.acc = 0.577320, test.low.acc = 0.730978
features = U925, P500, shum700, ncep_p8_z, train.acc = 0.724205, test.acc = 0.724077, train.high.acc = 0.747664, train.medium.acc = 0.617201, train.low.acc = 0.732869, test.high.acc = 0.760563, test.medium.acc = 0.587379, test.low.acc = 0.734034
features = U700, U925, P500, shum700, ncep_p8_z, train.acc = 0.725110, test.acc = 0.728998, train.high.acc = 0.735043, train.medium.acc = 0.605547, train.low.acc = 0.736079, test.high.acc = 0.730769, test.medium.acc = 0.589641, test.low.acc = 0.742846
features = shum500, U700, U925, P500, shum700, ncep_p8_z, train.acc = 0.734032, test.acc = 0.732162, train.high.acc = 0.731092, train.medium.acc = 0.626302, train.low.acc = 0.746166, test.high.acc = 0.753425, test.medium.acc = 0.583026, test.low.acc = 0.747701
features = ncep_p5_f, shum500, U700, U925, P500, shum700, ncep_p8_z, train.acc = 0.740497, test.acc = 0.736028, train.high.acc = 0.865979, train.medium.acc = 0.640436, train.low.acc = 0.750844, test.high.acc = 0.784615, test.medium.acc = 0.603509, test.low.acc = 0.749900
and
features = ncep_p8_z, train.acc = 0.694207, test.acc = 0.700176, train.high.acc = 0.736842, train.medium.acc = 0.396825, train.low.acc = 0.696146, test.high.acc = 0.724638, test.medium.acc = 0.375000, test.low.acc = 0.704313
features = shum700, ncep_p8_z, train.acc = 0.698086, test.acc = 0.708963, train.high.acc = 0.721649, train.medium.acc = 0.483412, train.low.acc = 0.703878, test.high.acc = 0.722222, test.medium.acc = 0.549550, test.low.acc = 0.715252
features = P500, shum700, ncep_p8_z, train.acc = 0.720067, test.acc = 0.719859, train.high.acc = 0.727273, train.medium.acc = 0.603978, train.low.acc = 0.729031, test.high.acc = 0.706667, test.medium.acc = 0.577320, test.low.acc = 0.730978
features = U925, P500, shum700, ncep_p8_z, train.acc = 0.724205, test.acc = 0.724077, train.high.acc = 0.747664, train.medium.acc = 0.617201, train.low.acc = 0.732869, test.high.acc = 0.760563, test.medium.acc = 0.587379, test.low.acc = 0.734034
features = U500, U925, P500, shum700, ncep_p8_z, train.acc = 0.727696, test.acc = 0.726186, train.high.acc = 0.741379, train.medium.acc = 0.632520, train.low.acc = 0.735828, test.high.acc = 0.746667, test.medium.acc = 0.583333, test.low.acc = 0.739130
features = ncep_p__v, U500, U925, P500, shum700, ncep_p8_z, train.acc = 0.732997, test.acc = 0.728998, train.high.acc = 0.872340, train.medium.acc = 0.636628, train.low.acc = 0.740650, test.high.acc = 0.800000, test.medium.acc = 0.577465, test.low.acc = 0.744502
features = shum500, ncep_p__v, U500, U925, P500, shum700, ncep_p8_z, train.acc = 0.738169, test.acc = 0.731810, train.high.acc = 0.872340, train.medium.acc = 0.639847, train.low.acc = 0.747557, test.high.acc = 0.810345, test.medium.acc = 0.593407, test.low.acc = 0.745028
features = U700, shum500, ncep_p__v, U500, U925, P500, shum700, ncep_p8_z, train.acc = 0.742695, test.acc = 0.734271, train.high.acc = 0.858586, train.medium.acc = 0.644028, train.low.acc = 0.753429, test.high.acc = 0.779661, test.medium.acc = 0.582781, test.low.acc = 0.751610
features = ncep_p5th, U700, shum500, ncep_p__v, U500, U925, P500, shum700, ncep_p8_z, train.acc = 0.753168, test.acc = 0.737083, train.high.acc = 0.858491, train.medium.acc = 0.659000, train.low.acc = 0.765691, test.high.acc = 0.770492, test.medium.acc = 0.577259, test.low.acc = 0.758705
features = temp700, ncep_p5th, U700, shum500, ncep_p__v, U500, U925, P500, shum700, ncep_p8_z, train.acc = 0.755495, test.acc = 0.738489, train.high.acc = 0.866667, train.medium.acc = 0.663415, train.low.acc = 0.768019, test.high.acc = 0.770492, test.medium.acc = 0.588406, test.low.acc = 0.758918
features = Tas, temp700, ncep_p5th, U700, shum500, ncep_p__v, U500, U925, P500, shum700, ncep_p8_z, train.acc = 0.759116, test.acc = 0.742355, train.high.acc = 0.866667, train.medium.acc = 0.666667, train.low.acc = 0.772637, test.high.acc = 0.783333, test.medium.acc = 0.589610, test.low.acc = 0.765833
features = shum850, Tas, temp700, ncep_p5th, U700, shum500, ncep_p__v, U500, U925, P500, shum700, ncep_p8_z, train.acc = 0.764417, test.acc = 0.743058, train.high.acc = 0.875000, train.medium.acc = 0.678924, train.low.acc = 0.777283, test.high.acc = 0.786885, test.medium.acc = 0.591260, test.low.acc = 0.766597
features = ncep_p8zh, shum850, Tas, temp700, ncep_p5th, U700, shum500, ncep_p__v, U500, U925, P500, shum700, ncep_p8_z, train.acc = 0.766227, test.acc = 0.743058, train.high.acc = 0.900000, train.medium.acc = 0.674379, train.low.acc = 0.780733, test.high.acc = 0.786885, test.medium.acc = 0.585784, test.low.acc = 0.768939
features = R850, ncep_p8zh, shum850, Tas, temp700, ncep_p5th, U700, shum500, ncep_p__v, U500, U925, P500, shum700, ncep_p8_z, train.acc = 0.767520, test.acc = 0.744112, train.high.acc = 0.900990, train.medium.acc = 0.678298, train.low.acc = 0.781666, test.high.acc = 0.770492, test.medium.acc = 0.597938, test.low.acc = 0.767112
features = ncep_lftx, R850, ncep_p8zh, shum850, Tas, temp700, ncep_p5th, U700, shum500, ncep_p__v, U500, U925, P500, shum700, ncep_p8_z, train.acc = 0.772304, test.acc = 0.744815, train.high.acc = 0.892157, train.medium.acc = 0.685366, train.low.acc = 0.787098, test.high.acc = 0.770492, test.medium.acc = 0.598485, test.low.acc = 0.768425
features = dswrf, ncep_lftx, R850, ncep_p8zh, shum850, Tas, temp700, ncep_p5th, U700, shum500, ncep_p__v, U500, U925, P500, shum700, ncep_p8_z, train.acc = 0.775407, test.acc = 0.745518, train.high.acc = 0.911765, train.medium.acc = 0.685937, train.low.acc = 0.791247, test.high.acc = 0.777778, test.medium.acc = 0.597015, test.low.acc = 0.769748
features = ncep_dswr, dswrf, ncep_lftx, R850, ncep_p8zh, shum850, Tas, temp700, ncep_p5th, U700, shum500, ncep_p__v, U500, U925, P500, shum700, ncep_p8_z, train.acc = 0.776183, test.acc = 0.746573, train.high.acc = 0.921569, train.medium.acc = 0.688281, train.low.acc = 0.791562, test.high.acc = 0.774194, test.medium.acc = 0.597990, test.low.acc = 0.770650
features = ncep_pottmp, ncep_dswr, dswrf, ncep_lftx, R850, ncep_p8zh, shum850, Tas, temp700, ncep_p5th, U700, shum500, ncep_p__v, U500, U925, P500, shum700, ncep_p8_z, train.acc = 0.777476, test.acc = 0.747276, train.high.acc = 0.921569, train.medium.acc = 0.688992, train.low.acc = 0.793305, test.high.acc = 0.770492, test.medium.acc = 0.600000, test.low.acc = 0.771753
features = ncep_p_th, ncep_pottmp, ncep_dswr, dswrf, ncep_lftx, R850, ncep_p8zh, shum850, Tas, temp700, ncep_p5th, U700, shum500, ncep_p__v, U500, U925, P500, shum700, ncep_p8_z, train.acc = 0.781226, test.acc = 0.747276, train.high.acc = 0.940594, train.medium.acc = 0.698557, train.low.acc = 0.795915, test.high.acc = 0.779661, test.medium.acc = 0.600484, test.low.acc = 0.772019
or
features = ncep_p8_z, train.acc = 0.694207, test.acc = 0.700176, train.high.acc = 0.736842, train.medium.acc = 0.396825, train.low.acc = 0.696146, test.high.acc = 0.724638, test.medium.acc = 0.375000, test.low.acc = 0.704313
features = uswrf, ncep_p8_z, train.acc = 0.699379, test.acc = 0.704394, train.high.acc = 0.721649, train.medium.acc = 0.555556, train.low.acc = 0.701680, test.high.acc = 0.718310, test.medium.acc = 0.486486, test.low.acc = 0.710000
mean
features = ncep_p8_z, train.acc = 0.694207, test.acc = 0.700176, train.high.acc = 0.736842, train.medium.acc = 0.396825, train.low.acc = 0.696146, test.high.acc = 0.724638, test.medium.acc = 0.375000, test.low.acc = 0.704313
features = R500, ncep_p8_z, train.acc = 0.702483, test.acc = 0.704745, train.high.acc = 0.714286, train.medium.acc = 0.520979, train.low.acc = 0.709388, test.high.acc = 0.728571, test.medium.acc = 0.473684, test.low.acc = 0.715746
features = P500, R500, ncep_p8_z, train.acc = 0.714766, test.acc = 0.716344, train.high.acc = 0.724490, train.medium.acc = 0.583505, train.low.acc = 0.723535, test.high.acc = 0.716216, test.medium.acc = 0.554217, test.low.acc = 0.726679
features = U700, P500, R500, ncep_p8_z, train.acc = 0.720584, test.acc = 0.725835, train.high.acc = 0.732143, train.medium.acc = 0.595782, train.low.acc = 0.730469, test.high.acc = 0.750000, test.medium.acc = 0.597015, test.low.acc = 0.735226
features = shum700, U700, P500, R500, ncep_p8_z, train.acc = 0.731187, test.acc = 0.729350, train.high.acc = 0.734513, train.medium.acc = 0.627778, train.low.acc = 0.741921, test.high.acc = 0.750000, test.medium.acc = 0.588477, test.low.acc = 0.742292
features = Vas, shum700, U700, P500, R500, ncep_p8_z, train.acc = 0.738557, test.acc = 0.736731, train.high.acc = 0.858696, train.medium.acc = 0.639798, train.low.acc = 0.748394, test.high.acc = 0.761905, test.medium.acc = 0.604240, test.low.acc = 0.751100
features = uswrf, Vas, shum700, U700, P500, R500, ncep_p8_z, train.acc = 0.739721, test.acc = 0.739895, train.high.acc = 0.858696, train.medium.acc = 0.643210, train.low.acc = 0.749561, test.high.acc = 0.777778, test.medium.acc = 0.615120, test.low.acc = 0.753513
features = ncep_p5th, uswrf, Vas, shum700, U700, P500, R500, ncep_p8_z, train.acc = 0.747479, test.acc = 0.741652, train.high.acc = 0.860215, train.medium.acc = 0.644421, train.low.acc = 0.760700, test.high.acc = 0.772727, test.medium.acc = 0.597484, test.low.acc = 0.759447
features = temp700, ncep_p5th, uswrf, Vas, shum700, U700, P500, R500, ncep_p8_z, train.acc = 0.751616, test.acc = 0.742355, train.high.acc = 0.869565, train.medium.acc = 0.655276, train.low.acc = 0.764405, test.high.acc = 0.772727, test.medium.acc = 0.596923, test.low.acc = 0.760799
features = R850, temp700, ncep_p5th, uswrf, Vas, shum700, U700, P500, R500, ncep_p8_z, train.acc = 0.755625, test.acc = 0.743761, train.high.acc = 0.863158, train.medium.acc = 0.662813, train.low.acc = 0.768671, test.high.acc = 0.784615, test.medium.acc = 0.606154, test.low.acc = 0.760896
features = Tas, R850, temp700, ncep_p5th, uswrf, Vas, shum700, U700, P500, R500, ncep_p8_z, train.acc = 0.760021, test.acc = 0.745870, train.high.acc = 0.872340, train.medium.acc = 0.666970, train.low.acc = 0.774041, test.high.acc = 0.772727, test.medium.acc = 0.608571, test.low.acc = 0.764924
features = U925, Tas, R850, temp700, ncep_p5th, uswrf, Vas, shum700, U700, P500, R500, ncep_p8_z, train.acc = 0.765451, test.acc = 0.744464, train.high.acc = 0.868687, train.medium.acc = 0.670875, train.low.acc = 0.781294, test.high.acc = 0.787879, test.medium.acc = 0.596730, test.low.acc = 0.765755
harmonic-mean
features = ncep_p8_z, train.acc = 0.694207, test.acc = 0.700176, train.high.acc = 0.736842, train.medium.acc = 0.396825, train.low.acc = 0.696146, test.high.acc = 0.724638, test.medium.acc = 0.375000, test.low.acc = 0.704313
features = R500, ncep_p8_z, train.acc = 0.702483, test.acc = 0.704745, train.high.acc = 0.714286, train.medium.acc = 0.520979, train.low.acc = 0.709388, test.high.acc = 0.728571, test.medium.acc = 0.473684, test.low.acc = 0.715746
features = P500, R500, ncep_p8_z, train.acc = 0.714766, test.acc = 0.716344, train.high.acc = 0.724490, train.medium.acc = 0.583505, train.low.acc = 0.723535, test.high.acc = 0.716216, test.medium.acc = 0.554217, test.low.acc = 0.726679
features = U700, P500, R500, ncep_p8_z, train.acc = 0.720584, test.acc = 0.725835, train.high.acc = 0.732143, train.medium.acc = 0.595782, train.low.acc = 0.730469, test.high.acc = 0.750000, test.medium.acc = 0.597015, test.low.acc = 0.735226
features = shum700, U700, P500, R500, ncep_p8_z, train.acc = 0.731187, test.acc = 0.729350, train.high.acc = 0.734513, train.medium.acc = 0.627778, train.low.acc = 0.741921, test.high.acc = 0.750000, test.medium.acc = 0.588477, test.low.acc = 0.742292
features = Vas, shum700, U700, P500, R500, ncep_p8_z, train.acc = 0.738557, test.acc = 0.736731, train.high.acc = 0.858696, train.medium.acc = 0.639798, train.low.acc = 0.748394, test.high.acc = 0.761905, test.medium.acc = 0.604240, test.low.acc = 0.751100
features = uswrf, Vas, shum700, U700, P500, R500, ncep_p8_z, train.acc = 0.739721, test.acc = 0.739895, train.high.acc = 0.858696, train.medium.acc = 0.643210, train.low.acc = 0.749561, test.high.acc = 0.777778, test.medium.acc = 0.615120, test.low.acc = 0.753513
features = ncep_p5th, uswrf, Vas, shum700, U700, P500, R500, ncep_p8_z, train.acc = 0.747479, test.acc = 0.741652, train.high.acc = 0.860215, train.medium.acc = 0.644421, train.low.acc = 0.760700, test.high.acc = 0.772727, test.medium.acc = 0.597484, test.low.acc = 0.759447
features = temp700, ncep_p5th, uswrf, Vas, shum700, U700, P500, R500, ncep_p8_z, train.acc = 0.751616, test.acc = 0.742355, train.high.acc = 0.869565, train.medium.acc = 0.655276, train.low.acc = 0.764405, test.high.acc = 0.772727, test.medium.acc = 0.596923, test.low.acc = 0.760799
features = R850, temp700, ncep_p5th, uswrf, Vas, shum700, U700, P500, R500, ncep_p8_z, train.acc = 0.755625, test.acc = 0.743761, train.high.acc = 0.863158, train.medium.acc = 0.662813, train.low.acc = 0.768671, test.high.acc = 0.784615, test.medium.acc = 0.606154, test.low.acc = 0.760896
features = Tas, R850, temp700, ncep_p5th, uswrf, Vas, shum700, U700, P500, R500, ncep_p8_z, train.acc = 0.760021, test.acc = 0.745870, train.high.acc = 0.872340, train.medium.acc = 0.666970, train.low.acc = 0.774041, test.high.acc = 0.772727, test.medium.acc = 0.608571, test.low.acc = 0.764924
features = U925, Tas, R850, temp700, ncep_p5th, uswrf, Vas, shum700, U700, P500, R500, ncep_p8_z, train.acc = 0.765451, test.acc = 0.744464, train.high.acc = 0.868687, train.medium.acc = 0.670875, train.low.acc = 0.781294, test.high.acc = 0.787879, test.medium.acc = 0.596730, test.low.acc = 0.765755
